{"level":"info","message":"log"}
{"level":"error","message":"error","stack":[null]}
{"level":"info","message":"log","timestamp":"2024-05-24T09:19:03.984Z"}
{"level":"error","message":"error","stack":[null],"timestamp":"2024-05-24T09:19:03.988Z"}
{"_consuming":false,"_dumped":false,"_events":{},"_eventsCount":1,"_parsedUrl":{"_raw":"/seed/test-2","auth":null,"hash":null,"host":null,"hostname":null,"href":"/seed/test-2","path":"/seed/test-2","pathname":"/seed/test-2","port":null,"protocol":null,"query":null,"search":null,"slashes":null},"_readableState":{"autoDestroy":true,"awaitDrainWriters":null,"buffer":{"head":null,"length":0,"tail":null},"closeEmitted":false,"closed":false,"constructed":true,"dataEmitted":false,"decoder":null,"defaultEncoding":"utf8","destroyed":false,"emitClose":true,"emittedReadable":false,"encoding":null,"endEmitted":false,"ended":true,"errorEmitted":false,"errored":null,"flowing":null,"highWaterMark":16384,"length":0,"multiAwaitDrain":false,"needReadable":false,"objectMode":false,"pipes":[],"readableListening":false,"reading":false,"readingMore":true,"resumeScheduled":false,"sync":true},"aborted":false,"baseUrl":"","body":{},"client":{"_closeAfterHandlingError":false,"_events":{"close":[null,null],"end":[null,null]},"_eventsCount":8,"_hadError":false,"_host":null,"_httpMessage":{"_closed":false,"_contentLength":null,"_defaultKeepAlive":true,"_events":{},"_eventsCount":1,"_expect_continue":false,"_hasBody":true,"_header":null,"_headerSent":false,"_keepAliveTimeout":5000,"_last":false,"_maxRequestsPerSocket":0,"_removedConnection":false,"_removedContLen":false,"_removedTE":false,"_sent100":false,"_trailer":"","chunkedEncoding":false,"destroyed":false,"finished":false,"locals":{},"maxRequestsOnConnectionReached":false,"outputData":[],"outputSize":0,"req":{"_consuming":false,"_dumped":false,"_events":{},"_eventsCount":1,"_parsedUrl":{"_raw":"/seed/test-2","auth":null,"hash":null,"host":null,"hostname":null,"href":"/seed/test-2","path":"/seed/test-2","pathname":"/seed/test-2","port":null,"protocol":null,"query":null,"search":null,"slashes":null},"_readableState":{"autoDestroy":true,"awaitDrainWriters":null,"buffer":{"head":null,"length":0,"tail":null},"closeEmitted":false,"closed":false,"constructed":true,"dataEmitted":false,"decoder":null,"defaultEncoding":"utf8","destroyed":false,"emitClose":true,"emittedReadable":false,"encoding":null,"endEmitted":false,"ended":true,"errorEmitted":false,"errored":null,"flowing":null,"highWaterMark":16384,"length":0,"multiAwaitDrain":false,"needReadable":false,"objectMode":false,"pipes":[],"readableListening":false,"reading":false,"readingMore":true,"resumeScheduled":false,"sync":true},"aborted":false,"baseUrl":"","body":{},"client":"[Circular]","complete":true,"httpVersion":"1.1","httpVersionMajor":1,"httpVersionMinor":1,"method":"GET","originalUrl":"/seed/test-2","params":{},"query":{},"rawHeaders":["Host","localhost:8085","Connection","keep-alive","Cache-Control","max-age=0","sec-ch-ua","\"Chromium\";v=\"124\", \"Google Chrome\";v=\"124\", \"Not-A.Brand\";v=\"99\"","sec-ch-ua-mobile","?0","sec-ch-ua-platform","\"Windows\"","Upgrade-Insecure-Requests","1","User-Agent","Mozilla/5.0 (Windows NT 10.0; Win64; x64) AppleWebKit/537.36 (KHTML, like Gecko) Chrome/124.0.0.0 Safari/537.36","Accept","text/html,application/xhtml+xml,application/xml;q=0.9,image/avif,image/webp,image/apng,*/*;q=0.8,application/signed-exchange;v=b3;q=0.7","Sec-Fetch-Site","none","Sec-Fetch-Mode","navigate","Sec-Fetch-User","?1","Sec-Fetch-Dest","document","Accept-Encoding","gzip, deflate, br, zstd","Accept-Language","en-US,en;q=0.9,vi;q=0.8","Cookie","grafana_session=2e8a39e0e61e6d7b7038e94ad6385ee1; pma_lang=en; phpMyAdmin=2ee0531feded1337b02ccfcb8e1e199d; pmaUser-1=S%2BEo6JaQaF9mcqRTRkgE%2Fz92ljOXJ26aTVXJSPSI4zuhbLuQBwfcwDpx1rw%3D; pmaAuth-1=Kx2ip8CwOInx1uEgLBgcQoBsRQiGRAbxpTuhr5vt2PRuAny%2FvWoyI9WUaVVPZKQ1fh%2F6poUyxknw5miSoQ%3D%3D","If-None-Match","W/\"b-Kq5sNclPz7QV2+lfQIuc6R7oRu0\""],"rawTrailers":[],"res":"[Circular]","route":{"methods":{"get":true},"path":"/seed/test-2","stack":[{"keys":[],"method":"get","name":"<anonymous>","regexp":{"fast_slash":false,"fast_star":false}}]},"socket":"[Circular]","statusCode":null,"statusMessage":null,"upgrade":false,"url":"/seed/test-2"},"sendDate":true,"shouldKeepAlive":true,"socket":"[Circular]","statusCode":200,"strictContentLength":false,"useChunkedEncodingByDefault":true,"writable":true},"_parent":null,"_paused":false,"_pendingData":null,"_pendingEncoding":"","_readableState":{"autoDestroy":true,"awaitDrainWriters":null,"buffer":{"head":null,"length":0,"tail":null},"closeEmitted":false,"closed":false,"constructed":true,"dataEmitted":false,"decoder":null,"defaultEncoding":"utf8","destroyed":false,"emitClose":false,"emittedReadable":false,"encoding":null,"endEmitted":false,"ended":false,"errorEmitted":false,"errored":null,"flowing":true,"highWaterMark":16384,"length":0,"multiAwaitDrain":false,"needReadable":true,"objectMode":false,"pipes":[],"readableListening":false,"reading":true,"readingMore":false,"resumeScheduled":false,"sync":false},"_server":{"_connectionKey":"6::::8085","_connections":2,"_events":{},"_eventsCount":2,"_handle":{"reading":false},"_unref":false,"_usingWorkers":false,"_workers":[],"allowHalfOpen":true,"headersTimeout":60000,"httpAllowHalfOpen":false,"keepAlive":false,"keepAliveInitialDelay":0,"keepAliveTimeout":5000,"maxHeadersCount":null,"maxRequestsPerSocket":0,"noDelay":false,"pauseOnConnect":false,"requestTimeout":0,"timeout":0},"_sockname":null,"_writableState":{"afterWriteTickInfo":null,"allBuffers":true,"allNoop":true,"autoDestroy":true,"bufferProcessing":false,"buffered":[],"bufferedIndex":0,"closeEmitted":false,"closed":false,"constructed":true,"corked":0,"decodeStrings":false,"defaultEncoding":"utf8","destroyed":false,"emitClose":false,"ended":false,"ending":false,"errorEmitted":false,"errored":null,"finalCalled":false,"finished":false,"highWaterMark":16384,"length":0,"needDrain":false,"objectMode":false,"pendingcb":0,"prefinished":false,"sync":true,"writecb":null,"writelen":0,"writing":false},"allowHalfOpen":true,"connecting":false,"parser":{"_consumed":true,"_headers":[],"_url":"","incoming":{"_consuming":false,"_dumped":false,"_events":{},"_eventsCount":1,"_parsedUrl":{"_raw":"/seed/test-2","auth":null,"hash":null,"host":null,"hostname":null,"href":"/seed/test-2","path":"/seed/test-2","pathname":"/seed/test-2","port":null,"protocol":null,"query":null,"search":null,"slashes":null},"_readableState":{"autoDestroy":true,"awaitDrainWriters":null,"buffer":{"head":null,"length":0,"tail":null},"closeEmitted":false,"closed":false,"constructed":true,"dataEmitted":false,"decoder":null,"defaultEncoding":"utf8","destroyed":false,"emitClose":true,"emittedReadable":false,"encoding":null,"endEmitted":false,"ended":true,"errorEmitted":false,"errored":null,"flowing":null,"highWaterMark":16384,"length":0,"multiAwaitDrain":false,"needReadable":false,"objectMode":false,"pipes":[],"readableListening":false,"reading":false,"readingMore":true,"resumeScheduled":false,"sync":true},"aborted":false,"baseUrl":"","body":{},"client":"[Circular]","complete":true,"httpVersion":"1.1","httpVersionMajor":1,"httpVersionMinor":1,"method":"GET","originalUrl":"/seed/test-2","params":{},"query":{},"rawHeaders":["Host","localhost:8085","Connection","keep-alive","Cache-Control","max-age=0","sec-ch-ua","\"Chromium\";v=\"124\", \"Google Chrome\";v=\"124\", \"Not-A.Brand\";v=\"99\"","sec-ch-ua-mobile","?0","sec-ch-ua-platform","\"Windows\"","Upgrade-Insecure-Requests","1","User-Agent","Mozilla/5.0 (Windows NT 10.0; Win64; x64) AppleWebKit/537.36 (KHTML, like Gecko) Chrome/124.0.0.0 Safari/537.36","Accept","text/html,application/xhtml+xml,application/xml;q=0.9,image/avif,image/webp,image/apng,*/*;q=0.8,application/signed-exchange;v=b3;q=0.7","Sec-Fetch-Site","none","Sec-Fetch-Mode","navigate","Sec-Fetch-User","?1","Sec-Fetch-Dest","document","Accept-Encoding","gzip, deflate, br, zstd","Accept-Language","en-US,en;q=0.9,vi;q=0.8","Cookie","grafana_session=2e8a39e0e61e6d7b7038e94ad6385ee1; pma_lang=en; phpMyAdmin=2ee0531feded1337b02ccfcb8e1e199d; pmaUser-1=S%2BEo6JaQaF9mcqRTRkgE%2Fz92ljOXJ26aTVXJSPSI4zuhbLuQBwfcwDpx1rw%3D; pmaAuth-1=Kx2ip8CwOInx1uEgLBgcQoBsRQiGRAbxpTuhr5vt2PRuAny%2FvWoyI9WUaVVPZKQ1fh%2F6poUyxknw5miSoQ%3D%3D","If-None-Match","W/\"b-Kq5sNclPz7QV2+lfQIuc6R7oRu0\""],"rawTrailers":[],"res":{"_closed":false,"_contentLength":null,"_defaultKeepAlive":true,"_events":{},"_eventsCount":1,"_expect_continue":false,"_hasBody":true,"_header":null,"_headerSent":false,"_keepAliveTimeout":5000,"_last":false,"_maxRequestsPerSocket":0,"_removedConnection":false,"_removedContLen":false,"_removedTE":false,"_sent100":false,"_trailer":"","chunkedEncoding":false,"destroyed":false,"finished":false,"locals":{},"maxRequestsOnConnectionReached":false,"outputData":[],"outputSize":0,"req":"[Circular]","sendDate":true,"shouldKeepAlive":true,"socket":"[Circular]","statusCode":200,"strictContentLength":false,"useChunkedEncodingByDefault":true,"writable":true},"route":{"methods":{"get":true},"path":"/seed/test-2","stack":[{"keys":[],"method":"get","name":"<anonymous>","regexp":{"fast_slash":false,"fast_star":false}}]},"socket":"[Circular]","statusCode":null,"statusMessage":null,"upgrade":false,"url":"/seed/test-2"},"maxHeaderPairs":2000,"outgoing":null,"socket":"[Circular]"},"server":{"_connectionKey":"6::::8085","_connections":2,"_events":{},"_eventsCount":2,"_handle":{"reading":false},"_unref":false,"_usingWorkers":false,"_workers":[],"allowHalfOpen":true,"headersTimeout":60000,"httpAllowHalfOpen":false,"keepAlive":false,"keepAliveInitialDelay":0,"keepAliveTimeout":5000,"maxHeadersCount":null,"maxRequestsPerSocket":0,"noDelay":false,"pauseOnConnect":false,"requestTimeout":0,"timeout":0}},"complete":true,"context":"log","httpVersion":"1.1","httpVersionMajor":1,"httpVersionMinor":1,"level":"info","method":"GET","originalUrl":"/seed/test-2","params":{},"query":{},"rawHeaders":["Host","localhost:8085","Connection","keep-alive","Cache-Control","max-age=0","sec-ch-ua","\"Chromium\";v=\"124\", \"Google Chrome\";v=\"124\", \"Not-A.Brand\";v=\"99\"","sec-ch-ua-mobile","?0","sec-ch-ua-platform","\"Windows\"","Upgrade-Insecure-Requests","1","User-Agent","Mozilla/5.0 (Windows NT 10.0; Win64; x64) AppleWebKit/537.36 (KHTML, like Gecko) Chrome/124.0.0.0 Safari/537.36","Accept","text/html,application/xhtml+xml,application/xml;q=0.9,image/avif,image/webp,image/apng,*/*;q=0.8,application/signed-exchange;v=b3;q=0.7","Sec-Fetch-Site","none","Sec-Fetch-Mode","navigate","Sec-Fetch-User","?1","Sec-Fetch-Dest","document","Accept-Encoding","gzip, deflate, br, zstd","Accept-Language","en-US,en;q=0.9,vi;q=0.8","Cookie","grafana_session=2e8a39e0e61e6d7b7038e94ad6385ee1; pma_lang=en; phpMyAdmin=2ee0531feded1337b02ccfcb8e1e199d; pmaUser-1=S%2BEo6JaQaF9mcqRTRkgE%2Fz92ljOXJ26aTVXJSPSI4zuhbLuQBwfcwDpx1rw%3D; pmaAuth-1=Kx2ip8CwOInx1uEgLBgcQoBsRQiGRAbxpTuhr5vt2PRuAny%2FvWoyI9WUaVVPZKQ1fh%2F6poUyxknw5miSoQ%3D%3D","If-None-Match","W/\"b-Kq5sNclPz7QV2+lfQIuc6R7oRu0\""],"rawTrailers":[],"res":{"_closed":false,"_contentLength":null,"_defaultKeepAlive":true,"_events":{},"_eventsCount":1,"_expect_continue":false,"_hasBody":true,"_header":null,"_headerSent":false,"_keepAliveTimeout":5000,"_last":false,"_maxRequestsPerSocket":0,"_removedConnection":false,"_removedContLen":false,"_removedTE":false,"_sent100":false,"_trailer":"","chunkedEncoding":false,"destroyed":false,"finished":false,"locals":{},"maxRequestsOnConnectionReached":false,"outputData":[],"outputSize":0,"req":{"_consuming":false,"_dumped":false,"_events":{},"_eventsCount":1,"_parsedUrl":{"_raw":"/seed/test-2","auth":null,"hash":null,"host":null,"hostname":null,"href":"/seed/test-2","path":"/seed/test-2","pathname":"/seed/test-2","port":null,"protocol":null,"query":null,"search":null,"slashes":null},"_readableState":{"autoDestroy":true,"awaitDrainWriters":null,"buffer":{"head":null,"length":0,"tail":null},"closeEmitted":false,"closed":false,"constructed":true,"dataEmitted":false,"decoder":null,"defaultEncoding":"utf8","destroyed":false,"emitClose":true,"emittedReadable":false,"encoding":null,"endEmitted":false,"ended":true,"errorEmitted":false,"errored":null,"flowing":null,"highWaterMark":16384,"length":0,"multiAwaitDrain":false,"needReadable":false,"objectMode":false,"pipes":[],"readableListening":false,"reading":false,"readingMore":true,"resumeScheduled":false,"sync":true},"aborted":false,"baseUrl":"","body":{},"client":{"_closeAfterHandlingError":false,"_events":{"close":[null,null],"end":[null,null]},"_eventsCount":8,"_hadError":false,"_host":null,"_httpMessage":"[Circular]","_parent":null,"_paused":false,"_pendingData":null,"_pendingEncoding":"","_readableState":{"autoDestroy":true,"awaitDrainWriters":null,"buffer":{"head":null,"length":0,"tail":null},"closeEmitted":false,"closed":false,"constructed":true,"dataEmitted":false,"decoder":null,"defaultEncoding":"utf8","destroyed":false,"emitClose":false,"emittedReadable":false,"encoding":null,"endEmitted":false,"ended":false,"errorEmitted":false,"errored":null,"flowing":true,"highWaterMark":16384,"length":0,"multiAwaitDrain":false,"needReadable":true,"objectMode":false,"pipes":[],"readableListening":false,"reading":true,"readingMore":false,"resumeScheduled":false,"sync":false},"_server":{"_connectionKey":"6::::8085","_connections":2,"_events":{},"_eventsCount":2,"_handle":{"reading":false},"_unref":false,"_usingWorkers":false,"_workers":[],"allowHalfOpen":true,"headersTimeout":60000,"httpAllowHalfOpen":false,"keepAlive":false,"keepAliveInitialDelay":0,"keepAliveTimeout":5000,"maxHeadersCount":null,"maxRequestsPerSocket":0,"noDelay":false,"pauseOnConnect":false,"requestTimeout":0,"timeout":0},"_sockname":null,"_writableState":{"afterWriteTickInfo":null,"allBuffers":true,"allNoop":true,"autoDestroy":true,"bufferProcessing":false,"buffered":[],"bufferedIndex":0,"closeEmitted":false,"closed":false,"constructed":true,"corked":0,"decodeStrings":false,"defaultEncoding":"utf8","destroyed":false,"emitClose":false,"ended":false,"ending":false,"errorEmitted":false,"errored":null,"finalCalled":false,"finished":false,"highWaterMark":16384,"length":0,"needDrain":false,"objectMode":false,"pendingcb":0,"prefinished":false,"sync":true,"writecb":null,"writelen":0,"writing":false},"allowHalfOpen":true,"connecting":false,"parser":{"_consumed":true,"_headers":[],"_url":"","incoming":"[Circular]","maxHeaderPairs":2000,"outgoing":null,"socket":"[Circular]"},"server":{"_connectionKey":"6::::8085","_connections":2,"_events":{},"_eventsCount":2,"_handle":{"reading":false},"_unref":false,"_usingWorkers":false,"_workers":[],"allowHalfOpen":true,"headersTimeout":60000,"httpAllowHalfOpen":false,"keepAlive":false,"keepAliveInitialDelay":0,"keepAliveTimeout":5000,"maxHeadersCount":null,"maxRequestsPerSocket":0,"noDelay":false,"pauseOnConnect":false,"requestTimeout":0,"timeout":0}},"complete":true,"httpVersion":"1.1","httpVersionMajor":1,"httpVersionMinor":1,"method":"GET","originalUrl":"/seed/test-2","params":{},"query":{},"rawHeaders":["Host","localhost:8085","Connection","keep-alive","Cache-Control","max-age=0","sec-ch-ua","\"Chromium\";v=\"124\", \"Google Chrome\";v=\"124\", \"Not-A.Brand\";v=\"99\"","sec-ch-ua-mobile","?0","sec-ch-ua-platform","\"Windows\"","Upgrade-Insecure-Requests","1","User-Agent","Mozilla/5.0 (Windows NT 10.0; Win64; x64) AppleWebKit/537.36 (KHTML, like Gecko) Chrome/124.0.0.0 Safari/537.36","Accept","text/html,application/xhtml+xml,application/xml;q=0.9,image/avif,image/webp,image/apng,*/*;q=0.8,application/signed-exchange;v=b3;q=0.7","Sec-Fetch-Site","none","Sec-Fetch-Mode","navigate","Sec-Fetch-User","?1","Sec-Fetch-Dest","document","Accept-Encoding","gzip, deflate, br, zstd","Accept-Language","en-US,en;q=0.9,vi;q=0.8","Cookie","grafana_session=2e8a39e0e61e6d7b7038e94ad6385ee1; pma_lang=en; phpMyAdmin=2ee0531feded1337b02ccfcb8e1e199d; pmaUser-1=S%2BEo6JaQaF9mcqRTRkgE%2Fz92ljOXJ26aTVXJSPSI4zuhbLuQBwfcwDpx1rw%3D; pmaAuth-1=Kx2ip8CwOInx1uEgLBgcQoBsRQiGRAbxpTuhr5vt2PRuAny%2FvWoyI9WUaVVPZKQ1fh%2F6poUyxknw5miSoQ%3D%3D","If-None-Match","W/\"b-Kq5sNclPz7QV2+lfQIuc6R7oRu0\""],"rawTrailers":[],"res":"[Circular]","route":{"methods":{"get":true},"path":"/seed/test-2","stack":[{"keys":[],"method":"get","name":"<anonymous>","regexp":{"fast_slash":false,"fast_star":false}}]},"socket":{"_closeAfterHandlingError":false,"_events":{"close":[null,null],"end":[null,null]},"_eventsCount":8,"_hadError":false,"_host":null,"_httpMessage":"[Circular]","_parent":null,"_paused":false,"_pendingData":null,"_pendingEncoding":"","_readableState":{"autoDestroy":true,"awaitDrainWriters":null,"buffer":{"head":null,"length":0,"tail":null},"closeEmitted":false,"closed":false,"constructed":true,"dataEmitted":false,"decoder":null,"defaultEncoding":"utf8","destroyed":false,"emitClose":false,"emittedReadable":false,"encoding":null,"endEmitted":false,"ended":false,"errorEmitted":false,"errored":null,"flowing":true,"highWaterMark":16384,"length":0,"multiAwaitDrain":false,"needReadable":true,"objectMode":false,"pipes":[],"readableListening":false,"reading":true,"readingMore":false,"resumeScheduled":false,"sync":false},"_server":{"_connectionKey":"6::::8085","_connections":2,"_events":{},"_eventsCount":2,"_handle":{"reading":false},"_unref":false,"_usingWorkers":false,"_workers":[],"allowHalfOpen":true,"headersTimeout":60000,"httpAllowHalfOpen":false,"keepAlive":false,"keepAliveInitialDelay":0,"keepAliveTimeout":5000,"maxHeadersCount":null,"maxRequestsPerSocket":0,"noDelay":false,"pauseOnConnect":false,"requestTimeout":0,"timeout":0},"_sockname":null,"_writableState":{"afterWriteTickInfo":null,"allBuffers":true,"allNoop":true,"autoDestroy":true,"bufferProcessing":false,"buffered":[],"bufferedIndex":0,"closeEmitted":false,"closed":false,"constructed":true,"corked":0,"decodeStrings":false,"defaultEncoding":"utf8","destroyed":false,"emitClose":false,"ended":false,"ending":false,"errorEmitted":false,"errored":null,"finalCalled":false,"finished":false,"highWaterMark":16384,"length":0,"needDrain":false,"objectMode":false,"pendingcb":0,"prefinished":false,"sync":true,"writecb":null,"writelen":0,"writing":false},"allowHalfOpen":true,"connecting":false,"parser":{"_consumed":true,"_headers":[],"_url":"","incoming":"[Circular]","maxHeaderPairs":2000,"outgoing":null,"socket":"[Circular]"},"server":{"_connectionKey":"6::::8085","_connections":2,"_events":{},"_eventsCount":2,"_handle":{"reading":false},"_unref":false,"_usingWorkers":false,"_workers":[],"allowHalfOpen":true,"headersTimeout":60000,"httpAllowHalfOpen":false,"keepAlive":false,"keepAliveInitialDelay":0,"keepAliveTimeout":5000,"maxHeadersCount":null,"maxRequestsPerSocket":0,"noDelay":false,"pauseOnConnect":false,"requestTimeout":0,"timeout":0}},"statusCode":null,"statusMessage":null,"upgrade":false,"url":"/seed/test-2"},"sendDate":true,"shouldKeepAlive":true,"socket":{"_closeAfterHandlingError":false,"_events":{"close":[null,null],"end":[null,null]},"_eventsCount":8,"_hadError":false,"_host":null,"_httpMessage":"[Circular]","_parent":null,"_paused":false,"_pendingData":null,"_pendingEncoding":"","_readableState":{"autoDestroy":true,"awaitDrainWriters":null,"buffer":{"head":null,"length":0,"tail":null},"closeEmitted":false,"closed":false,"constructed":true,"dataEmitted":false,"decoder":null,"defaultEncoding":"utf8","destroyed":false,"emitClose":false,"emittedReadable":false,"encoding":null,"endEmitted":false,"ended":false,"errorEmitted":false,"errored":null,"flowing":true,"highWaterMark":16384,"length":0,"multiAwaitDrain":false,"needReadable":true,"objectMode":false,"pipes":[],"readableListening":false,"reading":true,"readingMore":false,"resumeScheduled":false,"sync":false},"_server":{"_connectionKey":"6::::8085","_connections":2,"_events":{},"_eventsCount":2,"_handle":{"reading":false},"_unref":false,"_usingWorkers":false,"_workers":[],"allowHalfOpen":true,"headersTimeout":60000,"httpAllowHalfOpen":false,"keepAlive":false,"keepAliveInitialDelay":0,"keepAliveTimeout":5000,"maxHeadersCount":null,"maxRequestsPerSocket":0,"noDelay":false,"pauseOnConnect":false,"requestTimeout":0,"timeout":0},"_sockname":null,"_writableState":{"afterWriteTickInfo":null,"allBuffers":true,"allNoop":true,"autoDestroy":true,"bufferProcessing":false,"buffered":[],"bufferedIndex":0,"closeEmitted":false,"closed":false,"constructed":true,"corked":0,"decodeStrings":false,"defaultEncoding":"utf8","destroyed":false,"emitClose":false,"ended":false,"ending":false,"errorEmitted":false,"errored":null,"finalCalled":false,"finished":false,"highWaterMark":16384,"length":0,"needDrain":false,"objectMode":false,"pendingcb":0,"prefinished":false,"sync":true,"writecb":null,"writelen":0,"writing":false},"allowHalfOpen":true,"connecting":false,"parser":{"_consumed":true,"_headers":[],"_url":"","incoming":{"_consuming":false,"_dumped":false,"_events":{},"_eventsCount":1,"_parsedUrl":{"_raw":"/seed/test-2","auth":null,"hash":null,"host":null,"hostname":null,"href":"/seed/test-2","path":"/seed/test-2","pathname":"/seed/test-2","port":null,"protocol":null,"query":null,"search":null,"slashes":null},"_readableState":{"autoDestroy":true,"awaitDrainWriters":null,"buffer":{"head":null,"length":0,"tail":null},"closeEmitted":false,"closed":false,"constructed":true,"dataEmitted":false,"decoder":null,"defaultEncoding":"utf8","destroyed":false,"emitClose":true,"emittedReadable":false,"encoding":null,"endEmitted":false,"ended":true,"errorEmitted":false,"errored":null,"flowing":null,"highWaterMark":16384,"length":0,"multiAwaitDrain":false,"needReadable":false,"objectMode":false,"pipes":[],"readableListening":false,"reading":false,"readingMore":true,"resumeScheduled":false,"sync":true},"aborted":false,"baseUrl":"","body":{},"client":"[Circular]","complete":true,"httpVersion":"1.1","httpVersionMajor":1,"httpVersionMinor":1,"method":"GET","originalUrl":"/seed/test-2","params":{},"query":{},"rawHeaders":["Host","localhost:8085","Connection","keep-alive","Cache-Control","max-age=0","sec-ch-ua","\"Chromium\";v=\"124\", \"Google Chrome\";v=\"124\", \"Not-A.Brand\";v=\"99\"","sec-ch-ua-mobile","?0","sec-ch-ua-platform","\"Windows\"","Upgrade-Insecure-Requests","1","User-Agent","Mozilla/5.0 (Windows NT 10.0; Win64; x64) AppleWebKit/537.36 (KHTML, like Gecko) Chrome/124.0.0.0 Safari/537.36","Accept","text/html,application/xhtml+xml,application/xml;q=0.9,image/avif,image/webp,image/apng,*/*;q=0.8,application/signed-exchange;v=b3;q=0.7","Sec-Fetch-Site","none","Sec-Fetch-Mode","navigate","Sec-Fetch-User","?1","Sec-Fetch-Dest","document","Accept-Encoding","gzip, deflate, br, zstd","Accept-Language","en-US,en;q=0.9,vi;q=0.8","Cookie","grafana_session=2e8a39e0e61e6d7b7038e94ad6385ee1; pma_lang=en; phpMyAdmin=2ee0531feded1337b02ccfcb8e1e199d; pmaUser-1=S%2BEo6JaQaF9mcqRTRkgE%2Fz92ljOXJ26aTVXJSPSI4zuhbLuQBwfcwDpx1rw%3D; pmaAuth-1=Kx2ip8CwOInx1uEgLBgcQoBsRQiGRAbxpTuhr5vt2PRuAny%2FvWoyI9WUaVVPZKQ1fh%2F6poUyxknw5miSoQ%3D%3D","If-None-Match","W/\"b-Kq5sNclPz7QV2+lfQIuc6R7oRu0\""],"rawTrailers":[],"res":"[Circular]","route":{"methods":{"get":true},"path":"/seed/test-2","stack":[{"keys":[],"method":"get","name":"<anonymous>","regexp":{"fast_slash":false,"fast_star":false}}]},"socket":"[Circular]","statusCode":null,"statusMessage":null,"upgrade":false,"url":"/seed/test-2"},"maxHeaderPairs":2000,"outgoing":null,"socket":"[Circular]"},"server":{"_connectionKey":"6::::8085","_connections":2,"_events":{},"_eventsCount":2,"_handle":{"reading":false},"_unref":false,"_usingWorkers":false,"_workers":[],"allowHalfOpen":true,"headersTimeout":60000,"httpAllowHalfOpen":false,"keepAlive":false,"keepAliveInitialDelay":0,"keepAliveTimeout":5000,"maxHeadersCount":null,"maxRequestsPerSocket":0,"noDelay":false,"pauseOnConnect":false,"requestTimeout":0,"timeout":0}},"statusCode":200,"strictContentLength":false,"useChunkedEncodingByDefault":true,"writable":true},"route":{"methods":{"get":true},"path":"/seed/test-2","stack":[{"keys":[],"method":"get","name":"<anonymous>","regexp":{"fast_slash":false,"fast_star":false}}]},"socket":{"_closeAfterHandlingError":false,"_events":{"close":[null,null],"end":[null,null]},"_eventsCount":8,"_hadError":false,"_host":null,"_httpMessage":{"_closed":false,"_contentLength":null,"_defaultKeepAlive":true,"_events":{},"_eventsCount":1,"_expect_continue":false,"_hasBody":true,"_header":null,"_headerSent":false,"_keepAliveTimeout":5000,"_last":false,"_maxRequestsPerSocket":0,"_removedConnection":false,"_removedContLen":false,"_removedTE":false,"_sent100":false,"_trailer":"","chunkedEncoding":false,"destroyed":false,"finished":false,"locals":{},"maxRequestsOnConnectionReached":false,"outputData":[],"outputSize":0,"req":{"_consuming":false,"_dumped":false,"_events":{},"_eventsCount":1,"_parsedUrl":{"_raw":"/seed/test-2","auth":null,"hash":null,"host":null,"hostname":null,"href":"/seed/test-2","path":"/seed/test-2","pathname":"/seed/test-2","port":null,"protocol":null,"query":null,"search":null,"slashes":null},"_readableState":{"autoDestroy":true,"awaitDrainWriters":null,"buffer":{"head":null,"length":0,"tail":null},"closeEmitted":false,"closed":false,"constructed":true,"dataEmitted":false,"decoder":null,"defaultEncoding":"utf8","destroyed":false,"emitClose":true,"emittedReadable":false,"encoding":null,"endEmitted":false,"ended":true,"errorEmitted":false,"errored":null,"flowing":null,"highWaterMark":16384,"length":0,"multiAwaitDrain":false,"needReadable":false,"objectMode":false,"pipes":[],"readableListening":false,"reading":false,"readingMore":true,"resumeScheduled":false,"sync":true},"aborted":false,"baseUrl":"","body":{},"client":"[Circular]","complete":true,"httpVersion":"1.1","httpVersionMajor":1,"httpVersionMinor":1,"method":"GET","originalUrl":"/seed/test-2","params":{},"query":{},"rawHeaders":["Host","localhost:8085","Connection","keep-alive","Cache-Control","max-age=0","sec-ch-ua","\"Chromium\";v=\"124\", \"Google Chrome\";v=\"124\", \"Not-A.Brand\";v=\"99\"","sec-ch-ua-mobile","?0","sec-ch-ua-platform","\"Windows\"","Upgrade-Insecure-Requests","1","User-Agent","Mozilla/5.0 (Windows NT 10.0; Win64; x64) AppleWebKit/537.36 (KHTML, like Gecko) Chrome/124.0.0.0 Safari/537.36","Accept","text/html,application/xhtml+xml,application/xml;q=0.9,image/avif,image/webp,image/apng,*/*;q=0.8,application/signed-exchange;v=b3;q=0.7","Sec-Fetch-Site","none","Sec-Fetch-Mode","navigate","Sec-Fetch-User","?1","Sec-Fetch-Dest","document","Accept-Encoding","gzip, deflate, br, zstd","Accept-Language","en-US,en;q=0.9,vi;q=0.8","Cookie","grafana_session=2e8a39e0e61e6d7b7038e94ad6385ee1; pma_lang=en; phpMyAdmin=2ee0531feded1337b02ccfcb8e1e199d; pmaUser-1=S%2BEo6JaQaF9mcqRTRkgE%2Fz92ljOXJ26aTVXJSPSI4zuhbLuQBwfcwDpx1rw%3D; pmaAuth-1=Kx2ip8CwOInx1uEgLBgcQoBsRQiGRAbxpTuhr5vt2PRuAny%2FvWoyI9WUaVVPZKQ1fh%2F6poUyxknw5miSoQ%3D%3D","If-None-Match","W/\"b-Kq5sNclPz7QV2+lfQIuc6R7oRu0\""],"rawTrailers":[],"res":"[Circular]","route":{"methods":{"get":true},"path":"/seed/test-2","stack":[{"keys":[],"method":"get","name":"<anonymous>","regexp":{"fast_slash":false,"fast_star":false}}]},"socket":"[Circular]","statusCode":null,"statusMessage":null,"upgrade":false,"url":"/seed/test-2"},"sendDate":true,"shouldKeepAlive":true,"socket":"[Circular]","statusCode":200,"strictContentLength":false,"useChunkedEncodingByDefault":true,"writable":true},"_parent":null,"_paused":false,"_pendingData":null,"_pendingEncoding":"","_readableState":{"autoDestroy":true,"awaitDrainWriters":null,"buffer":{"head":null,"length":0,"tail":null},"closeEmitted":false,"closed":false,"constructed":true,"dataEmitted":false,"decoder":null,"defaultEncoding":"utf8","destroyed":false,"emitClose":false,"emittedReadable":false,"encoding":null,"endEmitted":false,"ended":false,"errorEmitted":false,"errored":null,"flowing":true,"highWaterMark":16384,"length":0,"multiAwaitDrain":false,"needReadable":true,"objectMode":false,"pipes":[],"readableListening":false,"reading":true,"readingMore":false,"resumeScheduled":false,"sync":false},"_server":{"_connectionKey":"6::::8085","_connections":2,"_events":{},"_eventsCount":2,"_handle":{"reading":false},"_unref":false,"_usingWorkers":false,"_workers":[],"allowHalfOpen":true,"headersTimeout":60000,"httpAllowHalfOpen":false,"keepAlive":false,"keepAliveInitialDelay":0,"keepAliveTimeout":5000,"maxHeadersCount":null,"maxRequestsPerSocket":0,"noDelay":false,"pauseOnConnect":false,"requestTimeout":0,"timeout":0},"_sockname":null,"_writableState":{"afterWriteTickInfo":null,"allBuffers":true,"allNoop":true,"autoDestroy":true,"bufferProcessing":false,"buffered":[],"bufferedIndex":0,"closeEmitted":false,"closed":false,"constructed":true,"corked":0,"decodeStrings":false,"defaultEncoding":"utf8","destroyed":false,"emitClose":false,"ended":false,"ending":false,"errorEmitted":false,"errored":null,"finalCalled":false,"finished":false,"highWaterMark":16384,"length":0,"needDrain":false,"objectMode":false,"pendingcb":0,"prefinished":false,"sync":true,"writecb":null,"writelen":0,"writing":false},"allowHalfOpen":true,"connecting":false,"parser":{"_consumed":true,"_headers":[],"_url":"","incoming":{"_consuming":false,"_dumped":false,"_events":{},"_eventsCount":1,"_parsedUrl":{"_raw":"/seed/test-2","auth":null,"hash":null,"host":null,"hostname":null,"href":"/seed/test-2","path":"/seed/test-2","pathname":"/seed/test-2","port":null,"protocol":null,"query":null,"search":null,"slashes":null},"_readableState":{"autoDestroy":true,"awaitDrainWriters":null,"buffer":{"head":null,"length":0,"tail":null},"closeEmitted":false,"closed":false,"constructed":true,"dataEmitted":false,"decoder":null,"defaultEncoding":"utf8","destroyed":false,"emitClose":true,"emittedReadable":false,"encoding":null,"endEmitted":false,"ended":true,"errorEmitted":false,"errored":null,"flowing":null,"highWaterMark":16384,"length":0,"multiAwaitDrain":false,"needReadable":false,"objectMode":false,"pipes":[],"readableListening":false,"reading":false,"readingMore":true,"resumeScheduled":false,"sync":true},"aborted":false,"baseUrl":"","body":{},"client":"[Circular]","complete":true,"httpVersion":"1.1","httpVersionMajor":1,"httpVersionMinor":1,"method":"GET","originalUrl":"/seed/test-2","params":{},"query":{},"rawHeaders":["Host","localhost:8085","Connection","keep-alive","Cache-Control","max-age=0","sec-ch-ua","\"Chromium\";v=\"124\", \"Google Chrome\";v=\"124\", \"Not-A.Brand\";v=\"99\"","sec-ch-ua-mobile","?0","sec-ch-ua-platform","\"Windows\"","Upgrade-Insecure-Requests","1","User-Agent","Mozilla/5.0 (Windows NT 10.0; Win64; x64) AppleWebKit/537.36 (KHTML, like Gecko) Chrome/124.0.0.0 Safari/537.36","Accept","text/html,application/xhtml+xml,application/xml;q=0.9,image/avif,image/webp,image/apng,*/*;q=0.8,application/signed-exchange;v=b3;q=0.7","Sec-Fetch-Site","none","Sec-Fetch-Mode","navigate","Sec-Fetch-User","?1","Sec-Fetch-Dest","document","Accept-Encoding","gzip, deflate, br, zstd","Accept-Language","en-US,en;q=0.9,vi;q=0.8","Cookie","grafana_session=2e8a39e0e61e6d7b7038e94ad6385ee1; pma_lang=en; phpMyAdmin=2ee0531feded1337b02ccfcb8e1e199d; pmaUser-1=S%2BEo6JaQaF9mcqRTRkgE%2Fz92ljOXJ26aTVXJSPSI4zuhbLuQBwfcwDpx1rw%3D; pmaAuth-1=Kx2ip8CwOInx1uEgLBgcQoBsRQiGRAbxpTuhr5vt2PRuAny%2FvWoyI9WUaVVPZKQ1fh%2F6poUyxknw5miSoQ%3D%3D","If-None-Match","W/\"b-Kq5sNclPz7QV2+lfQIuc6R7oRu0\""],"rawTrailers":[],"res":{"_closed":false,"_contentLength":null,"_defaultKeepAlive":true,"_events":{},"_eventsCount":1,"_expect_continue":false,"_hasBody":true,"_header":null,"_headerSent":false,"_keepAliveTimeout":5000,"_last":false,"_maxRequestsPerSocket":0,"_removedConnection":false,"_removedContLen":false,"_removedTE":false,"_sent100":false,"_trailer":"","chunkedEncoding":false,"destroyed":false,"finished":false,"locals":{},"maxRequestsOnConnectionReached":false,"outputData":[],"outputSize":0,"req":"[Circular]","sendDate":true,"shouldKeepAlive":true,"socket":"[Circular]","statusCode":200,"strictContentLength":false,"useChunkedEncodingByDefault":true,"writable":true},"route":{"methods":{"get":true},"path":"/seed/test-2","stack":[{"keys":[],"method":"get","name":"<anonymous>","regexp":{"fast_slash":false,"fast_star":false}}]},"socket":"[Circular]","statusCode":null,"statusMessage":null,"upgrade":false,"url":"/seed/test-2"},"maxHeaderPairs":2000,"outgoing":null,"socket":"[Circular]"},"server":{"_connectionKey":"6::::8085","_connections":2,"_events":{},"_eventsCount":2,"_handle":{"reading":false},"_unref":false,"_usingWorkers":false,"_workers":[],"allowHalfOpen":true,"headersTimeout":60000,"httpAllowHalfOpen":false,"keepAlive":false,"keepAliveInitialDelay":0,"keepAliveTimeout":5000,"maxHeadersCount":null,"maxRequestsPerSocket":0,"noDelay":false,"pauseOnConnect":false,"requestTimeout":0,"timeout":0}},"statusCode":null,"statusMessage":null,"timestamp":"2024-05-24T09:24:19.306Z","upgrade":false,"url":"/seed/test-2"}
{"level":"error","message":"error","stack":[null],"timestamp":"2024-05-24T09:24:19.310Z"}
[32m[MyApp] 12796  - [39m5/24/2024, 4:29:31 PM [32m    LOG[39m [33m[log][39m - {
  _readableState: {
    objectMode: [33mfalse[39m,
    highWaterMark: [33m16384[39m,
    buffer: { head: [1mnull[22m, tail: [1mnull[22m, length: [33m0[39m },
    length: [33m0[39m,
    pipes: [],
    flowing: [1mnull[22m,
    ended: [33mtrue[39m,
    endEmitted: [33mfalse[39m,
    reading: [33mfalse[39m,
    constructed: [33mtrue[39m,
    sync: [33mtrue[39m,
    needReadable: [33mfalse[39m,
    emittedReadable: [33mfalse[39m,
    readableListening: [33mfalse[39m,
    resumeScheduled: [33mfalse[39m,
    errorEmitted: [33mfalse[39m,
    emitClose: [33mtrue[39m,
    autoDestroy: [33mtrue[39m,
    destroyed: [33mfalse[39m,
    errored: [1mnull[22m,
    closed: [33mfalse[39m,
    closeEmitted: [33mfalse[39m,
    defaultEncoding: [32m'utf8'[39m,
    awaitDrainWriters: [1mnull[22m,
    multiAwaitDrain: [33mfalse[39m,
    readingMore: [33mtrue[39m,
    dataEmitted: [33mfalse[39m,
    decoder: [1mnull[22m,
    encoding: [1mnull[22m
  },
  _events: {},
  _eventsCount: [33m1[39m,
  socket: {
    connecting: [33mfalse[39m,
    _hadError: [33mfalse[39m,
    _parent: [1mnull[22m,
    _host: [1mnull[22m,
    _closeAfterHandlingError: [33mfalse[39m,
    _readableState: {
      objectMode: [33mfalse[39m,
      highWaterMark: [33m16384[39m,
      buffer: { head: [1mnull[22m, tail: [1mnull[22m, length: [33m0[39m },
      length: [33m0[39m,
      pipes: [],
      flowing: [33mtrue[39m,
      ended: [33mfalse[39m,
      endEmitted: [33mfalse[39m,
      reading: [33mtrue[39m,
      constructed: [33mtrue[39m,
      sync: [33mfalse[39m,
      needReadable: [33mtrue[39m,
      emittedReadable: [33mfalse[39m,
      readableListening: [33mfalse[39m,
      resumeScheduled: [33mfalse[39m,
      errorEmitted: [33mfalse[39m,
      emitClose: [33mfalse[39m,
      autoDestroy: [33mtrue[39m,
      destroyed: [33mfalse[39m,
      errored: [1mnull[22m,
      closed: [33mfalse[39m,
      closeEmitted: [33mfalse[39m,
      defaultEncoding: [32m'utf8'[39m,
      awaitDrainWriters: [1mnull[22m,
      multiAwaitDrain: [33mfalse[39m,
      readingMore: [33mfalse[39m,
      dataEmitted: [33mfalse[39m,
      decoder: [1mnull[22m,
      encoding: [1mnull[22m
    },
    _events: { end: [ [1mnull[22m, [1mnull[22m ], close: [ [1mnull[22m, [1mnull[22m ] },
    _eventsCount: [33m8[39m,
    _writableState: {
      objectMode: [33mfalse[39m,
      highWaterMark: [33m16384[39m,
      finalCalled: [33mfalse[39m,
      needDrain: [33mfalse[39m,
      ending: [33mfalse[39m,
      ended: [33mfalse[39m,
      finished: [33mfalse[39m,
      destroyed: [33mfalse[39m,
      decodeStrings: [33mfalse[39m,
      defaultEncoding: [32m'utf8'[39m,
      length: [33m0[39m,
      writing: [33mfalse[39m,
      corked: [33m0[39m,
      sync: [33mtrue[39m,
      bufferProcessing: [33mfalse[39m,
      writecb: [1mnull[22m,
      writelen: [33m0[39m,
      afterWriteTickInfo: [1mnull[22m,
      buffered: [],
      bufferedIndex: [33m0[39m,
      allBuffers: [33mtrue[39m,
      allNoop: [33mtrue[39m,
      pendingcb: [33m0[39m,
      constructed: [33mtrue[39m,
      prefinished: [33mfalse[39m,
      errorEmitted: [33mfalse[39m,
      emitClose: [33mfalse[39m,
      autoDestroy: [33mtrue[39m,
      errored: [1mnull[22m,
      closed: [33mfalse[39m,
      closeEmitted: [33mfalse[39m
    },
    allowHalfOpen: [33mtrue[39m,
    _sockname: [1mnull[22m,
    _pendingData: [1mnull[22m,
    _pendingEncoding: [32m''[39m,
    server: {
      _events: {},
      _eventsCount: [33m2[39m,
      _connections: [33m2[39m,
      _handle: { reading: [33mfalse[39m },
      _usingWorkers: [33mfalse[39m,
      _workers: [],
      _unref: [33mfalse[39m,
      allowHalfOpen: [33mtrue[39m,
      pauseOnConnect: [33mfalse[39m,
      noDelay: [33mfalse[39m,
      keepAlive: [33mfalse[39m,
      keepAliveInitialDelay: [33m0[39m,
      httpAllowHalfOpen: [33mfalse[39m,
      timeout: [33m0[39m,
      keepAliveTimeout: [33m5000[39m,
      maxHeadersCount: [1mnull[22m,
      maxRequestsPerSocket: [33m0[39m,
      headersTimeout: [33m60000[39m,
      requestTimeout: [33m0[39m,
      _connectionKey: [32m'6::::8085'[39m
    },
    _server: {
      _events: {},
      _eventsCount: [33m2[39m,
      _connections: [33m2[39m,
      _handle: { reading: [33mfalse[39m },
      _usingWorkers: [33mfalse[39m,
      _workers: [],
      _unref: [33mfalse[39m,
      allowHalfOpen: [33mtrue[39m,
      pauseOnConnect: [33mfalse[39m,
      noDelay: [33mfalse[39m,
      keepAlive: [33mfalse[39m,
      keepAliveInitialDelay: [33m0[39m,
      httpAllowHalfOpen: [33mfalse[39m,
      timeout: [33m0[39m,
      keepAliveTimeout: [33m5000[39m,
      maxHeadersCount: [1mnull[22m,
      maxRequestsPerSocket: [33m0[39m,
      headersTimeout: [33m60000[39m,
      requestTimeout: [33m0[39m,
      _connectionKey: [32m'6::::8085'[39m
    },
    parser: {
      _headers: [],
      _url: [32m''[39m,
      socket: [32m'[Circular]'[39m,
      incoming: {
        _readableState: {
          objectMode: [33mfalse[39m,
          highWaterMark: [33m16384[39m,
          buffer: { head: [1mnull[22m, tail: [1mnull[22m, length: [33m0[39m },
          length: [33m0[39m,
          pipes: [],
          flowing: [1mnull[22m,
          ended: [33mtrue[39m,
          endEmitted: [33mfalse[39m,
          reading: [33mfalse[39m,
          constructed: [33mtrue[39m,
          sync: [33mtrue[39m,
          needReadable: [33mfalse[39m,
          emittedReadable: [33mfalse[39m,
          readableListening: [33mfalse[39m,
          resumeScheduled: [33mfalse[39m,
          errorEmitted: [33mfalse[39m,
          emitClose: [33mtrue[39m,
          autoDestroy: [33mtrue[39m,
          destroyed: [33mfalse[39m,
          errored: [1mnull[22m,
          closed: [33mfalse[39m,
          closeEmitted: [33mfalse[39m,
          defaultEncoding: [32m'utf8'[39m,
          awaitDrainWriters: [1mnull[22m,
          multiAwaitDrain: [33mfalse[39m,
          readingMore: [33mtrue[39m,
          dataEmitted: [33mfalse[39m,
          decoder: [1mnull[22m,
          encoding: [1mnull[22m
        },
        _events: {},
        _eventsCount: [33m1[39m,
        socket: [32m'[Circular]'[39m,
        httpVersionMajor: [33m1[39m,
        httpVersionMinor: [33m1[39m,
        httpVersion: [32m'1.1'[39m,
        complete: [33mtrue[39m,
        rawHeaders: [
          [32m'Host'[39m,
          [32m'localhost:8085'[39m,
          [32m'Connection'[39m,
          [32m'keep-alive'[39m,
          [32m'Cache-Control'[39m,
          [32m'max-age=0'[39m,
          [32m'sec-ch-ua'[39m,
          [32m'"Chromium";v="124", "Google Chrome";v="124", "Not-A.Brand";v="99"'[39m,
          [32m'sec-ch-ua-mobile'[39m,
          [32m'?0'[39m,
          [32m'sec-ch-ua-platform'[39m,
          [32m'"Windows"'[39m,
          [32m'Upgrade-Insecure-Requests'[39m,
          [32m'1'[39m,
          [32m'User-Agent'[39m,
          [32m'Mozilla/5.0 (Windows NT 10.0; Win64; x64) AppleWebKit/537.36 (KHTML, like Gecko) Chrome/124.0.0.0 Safari/537.36'[39m,
          [32m'Accept'[39m,
          [32m'text/html,application/xhtml+xml,application/xml;q=0.9,image/avif,image/webp,image/apng,*/*;q=0.8,application/signed-exchange;v=b3;q=0.7'[39m,
          [32m'Sec-Fetch-Site'[39m,
          [32m'none'[39m,
          [32m'Sec-Fetch-Mode'[39m,
          [32m'navigate'[39m,
          [32m'Sec-Fetch-User'[39m,
          [32m'?1'[39m,
          [32m'Sec-Fetch-Dest'[39m,
          [32m'document'[39m,
          [32m'Accept-Encoding'[39m,
          [32m'gzip, deflate, br, zstd'[39m,
          [32m'Accept-Language'[39m,
          [32m'en-US,en;q=0.9,vi;q=0.8'[39m,
          [32m'Cookie'[39m,
          [32m'grafana_session=2e8a39e0e61e6d7b7038e94ad6385ee1; pma_lang=en; phpMyAdmin=2ee0531feded1337b02ccfcb8e1e199d; pmaUser-1=1JA4mMR00cyErojiaW9BTqhEBa6IdxgSuI7yiF286wPheb8eWUuRR93xlyU%3D; pmaAuth-1=GqidZzfPlyktvXwUv4aS1a%2F4LRyalG2GiMHv3DrXQz%2FOWLua%2FJ8Px7QaAaXfytu8lEjpV7CEXsyF%2FP3Giw%3D%3D'[39m,
          [32m'If-None-Match'[39m,
          [32m'W/"b-Kq5sNclPz7QV2+lfQIuc6R7oRu0"'[39m
        ],
        rawTrailers: [],
        aborted: [33mfalse[39m,
        upgrade: [33mfalse[39m,
        url: [32m'/seed/test-2'[39m,
        method: [32m'GET'[39m,
        statusCode: [1mnull[22m,
        statusMessage: [1mnull[22m,
        client: [32m'[Circular]'[39m,
        _consuming: [33mfalse[39m,
        _dumped: [33mfalse[39m,
        baseUrl: [32m''[39m,
        originalUrl: [32m'/seed/test-2'[39m,
        _parsedUrl: {
          protocol: [1mnull[22m,
          slashes: [1mnull[22m,
          auth: [1mnull[22m,
          host: [1mnull[22m,
          port: [1mnull[22m,
          hostname: [1mnull[22m,
          hash: [1mnull[22m,
          search: [1mnull[22m,
          query: [1mnull[22m,
          pathname: [32m'/seed/test-2'[39m,
          path: [32m'/seed/test-2'[39m,
          href: [32m'/seed/test-2'[39m,
          _raw: [32m'/seed/test-2'[39m
        },
        params: {},
        query: {},
        res: {
          _events: {},
          _eventsCount: [33m1[39m,
          outputData: [],
          outputSize: [33m0[39m,
          writable: [33mtrue[39m,
          destroyed: [33mfalse[39m,
          _last: [33mfalse[39m,
          chunkedEncoding: [33mfalse[39m,
          shouldKeepAlive: [33mtrue[39m,
          maxRequestsOnConnectionReached: [33mfalse[39m,
          _defaultKeepAlive: [33mtrue[39m,
          useChunkedEncodingByDefault: [33mtrue[39m,
          sendDate: [33mtrue[39m,
          _removedConnection: [33mfalse[39m,
          _removedContLen: [33mfalse[39m,
          _removedTE: [33mfalse[39m,
          strictContentLength: [33mfalse[39m,
          _contentLength: [1mnull[22m,
          _hasBody: [33mtrue[39m,
          _trailer: [32m''[39m,
          finished: [33mfalse[39m,
          _headerSent: [33mfalse[39m,
          _closed: [33mfalse[39m,
          socket: [32m'[Circular]'[39m,
          _header: [1mnull[22m,
          _keepAliveTimeout: [33m5000[39m,
          req: [32m'[Circular]'[39m,
          _sent100: [33mfalse[39m,
          _expect_continue: [33mfalse[39m,
          _maxRequestsPerSocket: [33m0[39m,
          locals: {},
          statusCode: [33m200[39m
        },
        body: {},
        route: {
          path: [32m'/seed/test-2'[39m,
          stack: [
            {
              name: [32m'<anonymous>'[39m,
              keys: [],
              regexp: { fast_star: [33mfalse[39m, fast_slash: [33mfalse[39m },
              method: [32m'get'[39m
            }
          ],
          methods: { get: [33mtrue[39m }
        }
      },
      outgoing: [1mnull[22m,
      maxHeaderPairs: [33m2000[39m,
      _consumed: [33mtrue[39m
    },
    _paused: [33mfalse[39m,
    _httpMessage: {
      _events: {},
      _eventsCount: [33m1[39m,
      outputData: [],
      outputSize: [33m0[39m,
      writable: [33mtrue[39m,
      destroyed: [33mfalse[39m,
      _last: [33mfalse[39m,
      chunkedEncoding: [33mfalse[39m,
      shouldKeepAlive: [33mtrue[39m,
      maxRequestsOnConnectionReached: [33mfalse[39m,
      _defaultKeepAlive: [33mtrue[39m,
      useChunkedEncodingByDefault: [33mtrue[39m,
      sendDate: [33mtrue[39m,
      _removedConnection: [33mfalse[39m,
      _removedContLen: [33mfalse[39m,
      _removedTE: [33mfalse[39m,
      strictContentLength: [33mfalse[39m,
      _contentLength: [1mnull[22m,
      _hasBody: [33mtrue[39m,
      _trailer: [32m''[39m,
      finished: [33mfalse[39m,
      _headerSent: [33mfalse[39m,
      _closed: [33mfalse[39m,
      socket: [32m'[Circular]'[39m,
      _header: [1mnull[22m,
      _keepAliveTimeout: [33m5000[39m,
      req: [32m'[Circular]'[39m,
      _sent100: [33mfalse[39m,
      _expect_continue: [33mfalse[39m,
      _maxRequestsPerSocket: [33m0[39m,
      locals: {},
      statusCode: [33m200[39m
    }
  },
  httpVersionMajor: [33m1[39m,
  httpVersionMinor: [33m1[39m,
  httpVersion: [32m'1.1'[39m,
  complete: [33mtrue[39m,
  rawHeaders: [
    [32m'Host'[39m,
    [32m'localhost:8085'[39m,
    [32m'Connection'[39m,
    [32m'keep-alive'[39m,
    [32m'Cache-Control'[39m,
    [32m'max-age=0'[39m,
    [32m'sec-ch-ua'[39m,
    [32m'"Chromium";v="124", "Google Chrome";v="124", "Not-A.Brand";v="99"'[39m,
    [32m'sec-ch-ua-mobile'[39m,
    [32m'?0'[39m,
    [32m'sec-ch-ua-platform'[39m,
    [32m'"Windows"'[39m,
    [32m'Upgrade-Insecure-Requests'[39m,
    [32m'1'[39m,
    [32m'User-Agent'[39m,
    [32m'Mozilla/5.0 (Windows NT 10.0; Win64; x64) AppleWebKit/537.36 (KHTML, like Gecko) Chrome/124.0.0.0 Safari/537.36'[39m,
    [32m'Accept'[39m,
    [32m'text/html,application/xhtml+xml,application/xml;q=0.9,image/avif,image/webp,image/apng,*/*;q=0.8,application/signed-exchange;v=b3;q=0.7'[39m,
    [32m'Sec-Fetch-Site'[39m,
    [32m'none'[39m,
    [32m'Sec-Fetch-Mode'[39m,
    [32m'navigate'[39m,
    [32m'Sec-Fetch-User'[39m,
    [32m'?1'[39m,
    [32m'Sec-Fetch-Dest'[39m,
    [32m'document'[39m,
    [32m'Accept-Encoding'[39m,
    [32m'gzip, deflate, br, zstd'[39m,
    [32m'Accept-Language'[39m,
    [32m'en-US,en;q=0.9,vi;q=0.8'[39m,
    [32m'Cookie'[39m,
    [32m'grafana_session=2e8a39e0e61e6d7b7038e94ad6385ee1; pma_lang=en; phpMyAdmin=2ee0531feded1337b02ccfcb8e1e199d; pmaUser-1=1JA4mMR00cyErojiaW9BTqhEBa6IdxgSuI7yiF286wPheb8eWUuRR93xlyU%3D; pmaAuth-1=GqidZzfPlyktvXwUv4aS1a%2F4LRyalG2GiMHv3DrXQz%2FOWLua%2FJ8Px7QaAaXfytu8lEjpV7CEXsyF%2FP3Giw%3D%3D'[39m,
    [32m'If-None-Match'[39m,
    [32m'W/"b-Kq5sNclPz7QV2+lfQIuc6R7oRu0"'[39m
  ],
  rawTrailers: [],
  aborted: [33mfalse[39m,
  upgrade: [33mfalse[39m,
  url: [32m'/seed/test-2'[39m,
  method: [32m'GET'[39m,
  statusCode: [1mnull[22m,
  statusMessage: [1mnull[22m,
  client: {
    connecting: [33mfalse[39m,
    _hadError: [33mfalse[39m,
    _parent: [1mnull[22m,
    _host: [1mnull[22m,
    _closeAfterHandlingError: [33mfalse[39m,
    _readableState: {
      objectMode: [33mfalse[39m,
      highWaterMark: [33m16384[39m,
      buffer: { head: [1mnull[22m, tail: [1mnull[22m, length: [33m0[39m },
      length: [33m0[39m,
      pipes: [],
      flowing: [33mtrue[39m,
      ended: [33mfalse[39m,
      endEmitted: [33mfalse[39m,
      reading: [33mtrue[39m,
      constructed: [33mtrue[39m,
      sync: [33mfalse[39m,
      needReadable: [33mtrue[39m,
      emittedReadable: [33mfalse[39m,
      readableListening: [33mfalse[39m,
      resumeScheduled: [33mfalse[39m,
      errorEmitted: [33mfalse[39m,
      emitClose: [33mfalse[39m,
      autoDestroy: [33mtrue[39m,
      destroyed: [33mfalse[39m,
      errored: [1mnull[22m,
      closed: [33mfalse[39m,
      closeEmitted: [33mfalse[39m,
      defaultEncoding: [32m'utf8'[39m,
      awaitDrainWriters: [1mnull[22m,
      multiAwaitDrain: [33mfalse[39m,
      readingMore: [33mfalse[39m,
      dataEmitted: [33mfalse[39m,
      decoder: [1mnull[22m,
      encoding: [1mnull[22m
    },
    _events: { end: [ [1mnull[22m, [1mnull[22m ], close: [ [1mnull[22m, [1mnull[22m ] },
    _eventsCount: [33m8[39m,
    _writableState: {
      objectMode: [33mfalse[39m,
      highWaterMark: [33m16384[39m,
      finalCalled: [33mfalse[39m,
      needDrain: [33mfalse[39m,
      ending: [33mfalse[39m,
      ended: [33mfalse[39m,
      finished: [33mfalse[39m,
      destroyed: [33mfalse[39m,
      decodeStrings: [33mfalse[39m,
      defaultEncoding: [32m'utf8'[39m,
      length: [33m0[39m,
      writing: [33mfalse[39m,
      corked: [33m0[39m,
      sync: [33mtrue[39m,
      bufferProcessing: [33mfalse[39m,
      writecb: [1mnull[22m,
      writelen: [33m0[39m,
      afterWriteTickInfo: [1mnull[22m,
      buffered: [],
      bufferedIndex: [33m0[39m,
      allBuffers: [33mtrue[39m,
      allNoop: [33mtrue[39m,
      pendingcb: [33m0[39m,
      constructed: [33mtrue[39m,
      prefinished: [33mfalse[39m,
      errorEmitted: [33mfalse[39m,
      emitClose: [33mfalse[39m,
      autoDestroy: [33mtrue[39m,
      errored: [1mnull[22m,
      closed: [33mfalse[39m,
      closeEmitted: [33mfalse[39m
    },
    allowHalfOpen: [33mtrue[39m,
    _sockname: [1mnull[22m,
    _pendingData: [1mnull[22m,
    _pendingEncoding: [32m''[39m,
    server: {
      _events: {},
      _eventsCount: [33m2[39m,
      _connections: [33m2[39m,
      _handle: { reading: [33mfalse[39m },
      _usingWorkers: [33mfalse[39m,
      _workers: [],
      _unref: [33mfalse[39m,
      allowHalfOpen: [33mtrue[39m,
      pauseOnConnect: [33mfalse[39m,
      noDelay: [33mfalse[39m,
      keepAlive: [33mfalse[39m,
      keepAliveInitialDelay: [33m0[39m,
      httpAllowHalfOpen: [33mfalse[39m,
      timeout: [33m0[39m,
      keepAliveTimeout: [33m5000[39m,
      maxHeadersCount: [1mnull[22m,
      maxRequestsPerSocket: [33m0[39m,
      headersTimeout: [33m60000[39m,
      requestTimeout: [33m0[39m,
      _connectionKey: [32m'6::::8085'[39m
    },
    _server: {
      _events: {},
      _eventsCount: [33m2[39m,
      _connections: [33m2[39m,
      _handle: { reading: [33mfalse[39m },
      _usingWorkers: [33mfalse[39m,
      _workers: [],
      _unref: [33mfalse[39m,
      allowHalfOpen: [33mtrue[39m,
      pauseOnConnect: [33mfalse[39m,
      noDelay: [33mfalse[39m,
      keepAlive: [33mfalse[39m,
      keepAliveInitialDelay: [33m0[39m,
      httpAllowHalfOpen: [33mfalse[39m,
      timeout: [33m0[39m,
      keepAliveTimeout: [33m5000[39m,
      maxHeadersCount: [1mnull[22m,
      maxRequestsPerSocket: [33m0[39m,
      headersTimeout: [33m60000[39m,
      requestTimeout: [33m0[39m,
      _connectionKey: [32m'6::::8085'[39m
    },
    parser: {
      _headers: [],
      _url: [32m''[39m,
      socket: [32m'[Circular]'[39m,
      incoming: {
        _readableState: {
          objectMode: [33mfalse[39m,
          highWaterMark: [33m16384[39m,
          buffer: { head: [1mnull[22m, tail: [1mnull[22m, length: [33m0[39m },
          length: [33m0[39m,
          pipes: [],
          flowing: [1mnull[22m,
          ended: [33mtrue[39m,
          endEmitted: [33mfalse[39m,
          reading: [33mfalse[39m,
          constructed: [33mtrue[39m,
          sync: [33mtrue[39m,
          needReadable: [33mfalse[39m,
          emittedReadable: [33mfalse[39m,
          readableListening: [33mfalse[39m,
          resumeScheduled: [33mfalse[39m,
          errorEmitted: [33mfalse[39m,
          emitClose: [33mtrue[39m,
          autoDestroy: [33mtrue[39m,
          destroyed: [33mfalse[39m,
          errored: [1mnull[22m,
          closed: [33mfalse[39m,
          closeEmitted: [33mfalse[39m,
          defaultEncoding: [32m'utf8'[39m,
          awaitDrainWriters: [1mnull[22m,
          multiAwaitDrain: [33mfalse[39m,
          readingMore: [33mtrue[39m,
          dataEmitted: [33mfalse[39m,
          decoder: [1mnull[22m,
          encoding: [1mnull[22m
        },
        _events: {},
        _eventsCount: [33m1[39m,
        socket: [32m'[Circular]'[39m,
        httpVersionMajor: [33m1[39m,
        httpVersionMinor: [33m1[39m,
        httpVersion: [32m'1.1'[39m,
        complete: [33mtrue[39m,
        rawHeaders: [
          [32m'Host'[39m,
          [32m'localhost:8085'[39m,
          [32m'Connection'[39m,
          [32m'keep-alive'[39m,
          [32m'Cache-Control'[39m,
          [32m'max-age=0'[39m,
          [32m'sec-ch-ua'[39m,
          [32m'"Chromium";v="124", "Google Chrome";v="124", "Not-A.Brand";v="99"'[39m,
          [32m'sec-ch-ua-mobile'[39m,
          [32m'?0'[39m,
          [32m'sec-ch-ua-platform'[39m,
          [32m'"Windows"'[39m,
          [32m'Upgrade-Insecure-Requests'[39m,
          [32m'1'[39m,
          [32m'User-Agent'[39m,
          [32m'Mozilla/5.0 (Windows NT 10.0; Win64; x64) AppleWebKit/537.36 (KHTML, like Gecko) Chrome/124.0.0.0 Safari/537.36'[39m,
          [32m'Accept'[39m,
          [32m'text/html,application/xhtml+xml,application/xml;q=0.9,image/avif,image/webp,image/apng,*/*;q=0.8,application/signed-exchange;v=b3;q=0.7'[39m,
          [32m'Sec-Fetch-Site'[39m,
          [32m'none'[39m,
          [32m'Sec-Fetch-Mode'[39m,
          [32m'navigate'[39m,
          [32m'Sec-Fetch-User'[39m,
          [32m'?1'[39m,
          [32m'Sec-Fetch-Dest'[39m,
          [32m'document'[39m,
          [32m'Accept-Encoding'[39m,
          [32m'gzip, deflate, br, zstd'[39m,
          [32m'Accept-Language'[39m,
          [32m'en-US,en;q=0.9,vi;q=0.8'[39m,
          [32m'Cookie'[39m,
          [32m'grafana_session=2e8a39e0e61e6d7b7038e94ad6385ee1; pma_lang=en; phpMyAdmin=2ee0531feded1337b02ccfcb8e1e199d; pmaUser-1=1JA4mMR00cyErojiaW9BTqhEBa6IdxgSuI7yiF286wPheb8eWUuRR93xlyU%3D; pmaAuth-1=GqidZzfPlyktvXwUv4aS1a%2F4LRyalG2GiMHv3DrXQz%2FOWLua%2FJ8Px7QaAaXfytu8lEjpV7CEXsyF%2FP3Giw%3D%3D'[39m,
          [32m'If-None-Match'[39m,
          [32m'W/"b-Kq5sNclPz7QV2+lfQIuc6R7oRu0"'[39m
        ],
        rawTrailers: [],
        aborted: [33mfalse[39m,
        upgrade: [33mfalse[39m,
        url: [32m'/seed/test-2'[39m,
        method: [32m'GET'[39m,
        statusCode: [1mnull[22m,
        statusMessage: [1mnull[22m,
        client: [32m'[Circular]'[39m,
        _consuming: [33mfalse[39m,
        _dumped: [33mfalse[39m,
        baseUrl: [32m''[39m,
        originalUrl: [32m'/seed/test-2'[39m,
        _parsedUrl: {
          protocol: [1mnull[22m,
          slashes: [1mnull[22m,
          auth: [1mnull[22m,
          host: [1mnull[22m,
          port: [1mnull[22m,
          hostname: [1mnull[22m,
          hash: [1mnull[22m,
          search: [1mnull[22m,
          query: [1mnull[22m,
          pathname: [32m'/seed/test-2'[39m,
          path: [32m'/seed/test-2'[39m,
          href: [32m'/seed/test-2'[39m,
          _raw: [32m'/seed/test-2'[39m
        },
        params: {},
        query: {},
        res: {
          _events: {},
          _eventsCount: [33m1[39m,
          outputData: [],
          outputSize: [33m0[39m,
          writable: [33mtrue[39m,
          destroyed: [33mfalse[39m,
          _last: [33mfalse[39m,
          chunkedEncoding: [33mfalse[39m,
          shouldKeepAlive: [33mtrue[39m,
          maxRequestsOnConnectionReached: [33mfalse[39m,
          _defaultKeepAlive: [33mtrue[39m,
          useChunkedEncodingByDefault: [33mtrue[39m,
          sendDate: [33mtrue[39m,
          _removedConnection: [33mfalse[39m,
          _removedContLen: [33mfalse[39m,
          _removedTE: [33mfalse[39m,
          strictContentLength: [33mfalse[39m,
          _contentLength: [1mnull[22m,
          _hasBody: [33mtrue[39m,
          _trailer: [32m''[39m,
          finished: [33mfalse[39m,
          _headerSent: [33mfalse[39m,
          _closed: [33mfalse[39m,
          socket: [32m'[Circular]'[39m,
          _header: [1mnull[22m,
          _keepAliveTimeout: [33m5000[39m,
          req: [32m'[Circular]'[39m,
          _sent100: [33mfalse[39m,
          _expect_continue: [33mfalse[39m,
          _maxRequestsPerSocket: [33m0[39m,
          locals: {},
          statusCode: [33m200[39m
        },
        body: {},
        route: {
          path: [32m'/seed/test-2'[39m,
          stack: [
            {
              name: [32m'<anonymous>'[39m,
              keys: [],
              regexp: { fast_star: [33mfalse[39m, fast_slash: [33mfalse[39m },
              method: [32m'get'[39m
            }
          ],
          methods: { get: [33mtrue[39m }
        }
      },
      outgoing: [1mnull[22m,
      maxHeaderPairs: [33m2000[39m,
      _consumed: [33mtrue[39m
    },
    _paused: [33mfalse[39m,
    _httpMessage: {
      _events: {},
      _eventsCount: [33m1[39m,
      outputData: [],
      outputSize: [33m0[39m,
      writable: [33mtrue[39m,
      destroyed: [33mfalse[39m,
      _last: [33mfalse[39m,
      chunkedEncoding: [33mfalse[39m,
      shouldKeepAlive: [33mtrue[39m,
      maxRequestsOnConnectionReached: [33mfalse[39m,
      _defaultKeepAlive: [33mtrue[39m,
      useChunkedEncodingByDefault: [33mtrue[39m,
      sendDate: [33mtrue[39m,
      _removedConnection: [33mfalse[39m,
      _removedContLen: [33mfalse[39m,
      _removedTE: [33mfalse[39m,
      strictContentLength: [33mfalse[39m,
      _contentLength: [1mnull[22m,
      _hasBody: [33mtrue[39m,
      _trailer: [32m''[39m,
      finished: [33mfalse[39m,
      _headerSent: [33mfalse[39m,
      _closed: [33mfalse[39m,
      socket: [32m'[Circular]'[39m,
      _header: [1mnull[22m,
      _keepAliveTimeout: [33m5000[39m,
      req: [32m'[Circular]'[39m,
      _sent100: [33mfalse[39m,
      _expect_continue: [33mfalse[39m,
      _maxRequestsPerSocket: [33m0[39m,
      locals: {},
      statusCode: [33m200[39m
    }
  },
  _consuming: [33mfalse[39m,
  _dumped: [33mfalse[39m,
  baseUrl: [32m''[39m,
  originalUrl: [32m'/seed/test-2'[39m,
  _parsedUrl: {
    protocol: [1mnull[22m,
    slashes: [1mnull[22m,
    auth: [1mnull[22m,
    host: [1mnull[22m,
    port: [1mnull[22m,
    hostname: [1mnull[22m,
    hash: [1mnull[22m,
    search: [1mnull[22m,
    query: [1mnull[22m,
    pathname: [32m'/seed/test-2'[39m,
    path: [32m'/seed/test-2'[39m,
    href: [32m'/seed/test-2'[39m,
    _raw: [32m'/seed/test-2'[39m
  },
  params: {},
  query: {},
  res: {
    _events: {},
    _eventsCount: [33m1[39m,
    outputData: [],
    outputSize: [33m0[39m,
    writable: [33mtrue[39m,
    destroyed: [33mfalse[39m,
    _last: [33mfalse[39m,
    chunkedEncoding: [33mfalse[39m,
    shouldKeepAlive: [33mtrue[39m,
    maxRequestsOnConnectionReached: [33mfalse[39m,
    _defaultKeepAlive: [33mtrue[39m,
    useChunkedEncodingByDefault: [33mtrue[39m,
    sendDate: [33mtrue[39m,
    _removedConnection: [33mfalse[39m,
    _removedContLen: [33mfalse[39m,
    _removedTE: [33mfalse[39m,
    strictContentLength: [33mfalse[39m,
    _contentLength: [1mnull[22m,
    _hasBody: [33mtrue[39m,
    _trailer: [32m''[39m,
    finished: [33mfalse[39m,
    _headerSent: [33mfalse[39m,
    _closed: [33mfalse[39m,
    socket: [32m'[Circular]'[39m,
    _header: [1mnull[22m,
    _keepAliveTimeout: [33m5000[39m,
    req: [32m'[Circular]'[39m,
    _sent100: [33mfalse[39m,
    _expect_continue: [33mfalse[39m,
    _maxRequestsPerSocket: [33m0[39m,
    locals: {},
    statusCode: [33m200[39m
  },
  body: {},
  route: {
    path: [32m'/seed/test-2'[39m,
    stack: [
      {
        name: [32m'<anonymous>'[39m,
        keys: [],
        regexp: { fast_star: [33mfalse[39m, fast_slash: [33mfalse[39m },
        method: [32m'get'[39m
      }
    ],
    methods: { get: [33mtrue[39m }
  }
} [33m+0ms[39m
[31m[MyApp] 12796  - [39m5/24/2024, 4:29:31 PM [31m  ERROR[39m  [31merror[39m - { stack: [ [1mnull[22m ] } [33m+14ms[39m
[32m[MyApp] 22832  - [39m5/24/2024, 4:31:26 PM [32m    LOG[39m  [32mlog[39m [33m+0ms[39m
[31m[MyApp] 22832  - [39m5/24/2024, 4:31:26 PM [31m  ERROR[39m  [31merror[39m - { stack: [ [1mnull[22m ] } [33m+3ms[39m
